c:\users\nelbren\documents\proyectos de vs\cache2020\debug\cache2003.pch
c:\users\nelbren\documents\proyectos de vs\cache2020\debug\vc142.pdb
c:\users\nelbren\documents\proyectos de vs\cache2020\debug\vc142.idb
c:\users\nelbren\documents\proyectos de vs\cache2020\debug\stdafx.obj
c:\users\nelbren\documents\proyectos de vs\cache2020\debug\vclightsources.obj
c:\users\nelbren\documents\proyectos de vs\cache2020\debug\vclocation.obj
c:\users\nelbren\documents\proyectos de vs\cache2020\debug\vcmarker.obj
c:\users\nelbren\documents\proyectos de vs\cache2020\debug\vcpen.obj
c:\users\nelbren\documents\proyectos de vs\cache2020\debug\vcplot.obj
c:\users\nelbren\documents\proyectos de vs\cache2020\debug\vcplotbase.obj
c:\users\nelbren\documents\proyectos de vs\cache2020\debug\vcrect.obj
c:\users\nelbren\documents\proyectos de vs\cache2020\debug\vcseries.obj
c:\users\nelbren\documents\proyectos de vs\cache2020\debug\vcseriescollection.obj
c:\users\nelbren\documents\proyectos de vs\cache2020\debug\vcseriesmarker.obj
c:\users\nelbren\documents\proyectos de vs\cache2020\debug\vcseriesposition.obj
c:\users\nelbren\documents\proyectos de vs\cache2020\debug\vcshadow.obj
c:\users\nelbren\documents\proyectos de vs\cache2020\debug\vcstatline.obj
c:\users\nelbren\documents\proyectos de vs\cache2020\debug\vctextlayout.obj
c:\users\nelbren\documents\proyectos de vs\cache2020\debug\vctick.obj
c:\users\nelbren\documents\proyectos de vs\cache2020\debug\vctitle.obj
c:\users\nelbren\documents\proyectos de vs\cache2020\debug\vcvaluescale.obj
c:\users\nelbren\documents\proyectos de vs\cache2020\debug\vcview3d.obj
c:\users\nelbren\documents\proyectos de vs\cache2020\debug\vcwall.obj
c:\users\nelbren\documents\proyectos de vs\cache2020\debug\vcweighting.obj
c:\users\nelbren\documents\proyectos de vs\cache2020\debug\vcbackdrop.obj
c:\users\nelbren\documents\proyectos de vs\cache2020\debug\vcbrush.obj
c:\users\nelbren\documents\proyectos de vs\cache2020\debug\vccategoryscale.obj
c:\users\nelbren\documents\proyectos de vs\cache2020\debug\vccolor.obj
c:\users\nelbren\documents\proyectos de vs\cache2020\debug\vccoor.obj
c:\users\nelbren\documents\proyectos de vs\cache2020\debug\vcdatagrid.obj
c:\users\nelbren\documents\proyectos de vs\cache2020\debug\vcdatapoint.obj
c:\users\nelbren\documents\proyectos de vs\cache2020\debug\vcdatapointlabel.obj
c:\users\nelbren\documents\proyectos de vs\cache2020\debug\vcdatapoints.obj
c:\users\nelbren\documents\proyectos de vs\cache2020\debug\vcfill.obj
c:\users\nelbren\documents\proyectos de vs\cache2020\debug\vcfont.obj
c:\users\nelbren\documents\proyectos de vs\cache2020\debug\vcfootnote.obj
c:\users\nelbren\documents\proyectos de vs\cache2020\debug\vcframe.obj
c:\users\nelbren\documents\proyectos de vs\cache2020\debug\vcintersection.obj
c:\users\nelbren\documents\proyectos de vs\cache2020\debug\vclabel.obj
c:\users\nelbren\documents\proyectos de vs\cache2020\debug\vclabels.obj
c:\users\nelbren\documents\proyectos de vs\cache2020\debug\vclcoor.obj
c:\users\nelbren\documents\proyectos de vs\cache2020\debug\vclegend.obj
c:\users\nelbren\documents\proyectos de vs\cache2020\debug\vclight.obj
c:\users\nelbren\documents\proyectos de vs\cache2020\debug\vclightsource.obj
c:\users\nelbren\documents\proyectos de vs\cache2020\debug\datosdlg.obj
c:\users\nelbren\documents\proyectos de vs\cache2020\debug\direcciondlg.obj
c:\users\nelbren\documents\proyectos de vs\cache2020\debug\escrituradlg.obj
c:\users\nelbren\documents\proyectos de vs\cache2020\debug\estadisticasdlg.obj
c:\users\nelbren\documents\proyectos de vs\cache2020\debug\font.obj
c:\users\nelbren\documents\proyectos de vs\cache2020\debug\funciones.obj
c:\users\nelbren\documents\proyectos de vs\cache2020\debug\mainfrm.obj
c:\users\nelbren\documents\proyectos de vs\cache2020\debug\memoriasdlg.obj
c:\users\nelbren\documents\proyectos de vs\cache2020\debug\mschart.obj
c:\users\nelbren\documents\proyectos de vs\cache2020\debug\msflexgrid.obj
c:\users\nelbren\documents\proyectos de vs\cache2020\debug\parametros.obj
c:\users\nelbren\documents\proyectos de vs\cache2020\debug\politicasdlg.obj
c:\users\nelbren\documents\proyectos de vs\cache2020\debug\secuencia.obj
c:\users\nelbren\documents\proyectos de vs\cache2020\debug\simulaciondlg.obj
c:\users\nelbren\documents\proyectos de vs\cache2020\debug\splash.obj
c:\users\nelbren\documents\proyectos de vs\cache2020\debug\tiemposdlg.obj
c:\users\nelbren\documents\proyectos de vs\cache2020\debug\vcaxis.obj
c:\users\nelbren\documents\proyectos de vs\cache2020\debug\vcaxisgrid.obj
c:\users\nelbren\documents\proyectos de vs\cache2020\debug\vcaxisscale.obj
c:\users\nelbren\documents\proyectos de vs\cache2020\debug\vcaxistitle.obj
c:\users\nelbren\documents\proyectos de vs\cache2020\debug\ughint.obj
c:\users\nelbren\documents\proyectos de vs\cache2020\debug\ughscrol.obj
c:\users\nelbren\documents\proyectos de vs\cache2020\debug\uglstbox.obj
c:\users\nelbren\documents\proyectos de vs\cache2020\debug\ugmedit.obj
c:\users\nelbren\documents\proyectos de vs\cache2020\debug\ugmemman.obj
c:\users\nelbren\documents\proyectos de vs\cache2020\debug\ugmultis.obj
c:\users\nelbren\documents\proyectos de vs\cache2020\debug\ugprint.obj
c:\users\nelbren\documents\proyectos de vs\cache2020\debug\ugptrlst.obj
c:\users\nelbren\documents\proyectos de vs\cache2020\debug\ugsidehd.obj
c:\users\nelbren\documents\proyectos de vs\cache2020\debug\ugstrop.obj
c:\users\nelbren\documents\proyectos de vs\cache2020\debug\ugtab.obj
c:\users\nelbren\documents\proyectos de vs\cache2020\debug\ugtophdg.obj
c:\users\nelbren\documents\proyectos de vs\cache2020\debug\ugvscrol.obj
c:\users\nelbren\documents\proyectos de vs\cache2020\debug\ugxpthemes.obj
c:\users\nelbren\documents\proyectos de vs\cache2020\debug\buscardlg.obj
c:\users\nelbren\documents\proyectos de vs\cache2020\debug\cache2003.obj
c:\users\nelbren\documents\proyectos de vs\cache2020\debug\cache2003doc.obj
c:\users\nelbren\documents\proyectos de vs\cache2020\debug\coloresdlg.obj
c:\users\nelbren\documents\proyectos de vs\cache2020\debug\datos.obj
c:\users\nelbren\documents\proyectos de vs\cache2020\debug\mycug.obj
c:\users\nelbren\documents\proyectos de vs\cache2020\debug\ugcbtype.obj
c:\users\nelbren\documents\proyectos de vs\cache2020\debug\ugcell.obj
c:\users\nelbren\documents\proyectos de vs\cache2020\debug\ugceltyp.obj
c:\users\nelbren\documents\proyectos de vs\cache2020\debug\ugcnrbtn.obj
c:\users\nelbren\documents\proyectos de vs\cache2020\debug\ugctarrw.obj
c:\users\nelbren\documents\proyectos de vs\cache2020\debug\ugctrl.obj
c:\users\nelbren\documents\proyectos de vs\cache2020\debug\ugdltype.obj
c:\users\nelbren\documents\proyectos de vs\cache2020\debug\ugdrgdrp.obj
c:\users\nelbren\documents\proyectos de vs\cache2020\debug\ugdrwhnt.obj
c:\users\nelbren\documents\proyectos de vs\cache2020\debug\ugdtasrc.obj
c:\users\nelbren\documents\proyectos de vs\cache2020\debug\ugedit.obj
c:\users\nelbren\documents\proyectos de vs\cache2020\debug\ugeditbase.obj
c:\users\nelbren\documents\proyectos de vs\cache2020\debug\ugformat.obj
c:\users\nelbren\documents\proyectos de vs\cache2020\debug\uggdinfo.obj
c:\users\nelbren\documents\proyectos de vs\cache2020\debug\uggrid.obj
c:\users\nelbren\documents\proyectos de vs\cache2020\hlp\cache2020.hm
c:\users\nelbren\documents\proyectos de vs\cache2020\win32\debug\cache2020.tlog\cl.command.1.tlog
c:\users\nelbren\documents\proyectos de vs\cache2020\win32\debug\cache2020.tlog\cl.read.1.tlog
c:\users\nelbren\documents\proyectos de vs\cache2020\win32\debug\cache2020.tlog\cl.write.1.tlog
c:\users\nelbren\documents\proyectos de vs\cache2020\win32\debug\cache2020.tlog\custombuild.command.1.tlog
c:\users\nelbren\documents\proyectos de vs\cache2020\win32\debug\cache2020.tlog\custombuild.read.1.tlog
c:\users\nelbren\documents\proyectos de vs\cache2020\win32\debug\cache2020.tlog\custombuild.write.1.tlog
